08:54:45 **** Incremental Build of configuration Debug for project pruebaTp3 ****
Info: Internal Builder is used for build
gcc -O0 -g3 -Wall -c -fmessage-length=0 -o main.o "..\\main.c" 
..\main.c: In function 'main':
..\main.c:47:14: warning: implicit declaration of function 'operara_Menu_Opcion5' [-Wimplicit-function-declaration]
              operara_Menu_Opcion5(listaJugadores, listaConfederaciones)
              ^~~~~~~~~~~~~~~~~~~~
..\main.c:50:13: error: expected ';' before 'break'
             break;
             ^~~~~
08:54:53 **** Incremental Build of configuration Debug for project pruebaTp3 ****
Info: Internal Builder is used for build
gcc -O0 -g3 -Wall -c -fmessage-length=0 -o main.o "..\\main.c" 
..\main.c: In function 'main':
..\main.c:47:14: warning: implicit declaration of function 'operara_Menu_Opcion5' [-Wimplicit-function-declaration]
              operara_Menu_Opcion5(listaJugadores, listaConfederaciones);
              ^~~~~~~~~~~~~~~~~~~~
gcc "-LC:\\Users\\Julian Rodriguez\\Desktop\\PROGRAMACION  1\\TP3-2022\\eclipse_tp3_v5\\tp3_windows" -o pruebaTp3.exe Controller.o Jugador.o Seleccion.o ingresos.o main.o parser.o -lLinkedList 
08:55:06 **** Incremental Build of configuration Debug for project pruebaTp3 ****
Info: Internal Builder is used for build
gcc -O0 -g3 -Wall -c -fmessage-length=0 -o main.o "..\\main.c" 
gcc -O0 -g3 -Wall -c -fmessage-length=0 -o Controller.o "..\\Controller.c" 
gcc -O0 -g3 -Wall -c -fmessage-length=0 -o Jugador.o "..\\Jugador.c" 
gcc -O0 -g3 -Wall -c -fmessage-length=0 -o parser.o "..\\parser.c" 
gcc "-LC:\\Users\\Julian Rodriguez\\Desktop\\PROGRAMACION  1\\TP3-2022\\eclipse_tp3_v5\\tp3_windows" -o pruebaTp3.exe Controller.o Jugador.o Seleccion.o ingresos.o main.o parser.o -lLinkedList 
Info: Nothing to build for pruebaTp3
08:55:25 **** Incremental Build of configuration Debug for project pruebaTp3 ****
Info: Internal Builder is used for build
gcc -O0 -g3 -Wall -c -fmessage-length=0 -o Jugador.o "..\\Jugador.c" 
gcc "-LC:\\Users\\Julian Rodriguez\\Desktop\\PROGRAMACION  1\\TP3-2022\\eclipse_tp3_v5\\tp3_windows" -o pruebaTp3.exe Controller.o Jugador.o Seleccion.o ingresos.o main.o parser.o -lLinkedList 
Info: Nothing to build for pruebaTp3
08:55:40 **** Incremental Build of configuration Debug for project pruebaTp3 ****
Info: Internal Builder is used for build
gcc -O0 -g3 -Wall -c -fmessage-length=0 -o Jugador.o "..\\Jugador.c" 
gcc "-LC:\\Users\\Julian Rodriguez\\Desktop\\PROGRAMACION  1\\TP3-2022\\eclipse_tp3_v5\\tp3_windows" -o pruebaTp3.exe Controller.o Jugador.o Seleccion.o ingresos.o main.o parser.o -lLinkedList 
08:55:54 **** Incremental Build of configuration Debug for project pruebaTp3 ****
Info: Internal Builder is used for build
gcc -O0 -g3 -Wall -c -fmessage-length=0 -o Jugador.o "..\\Jugador.c" 
gcc "-LC:\\Users\\Julian Rodriguez\\Desktop\\PROGRAMACION  1\\TP3-2022\\eclipse_tp3_v5\\tp3_windows" -o pruebaTp3.exe Controller.o Jugador.o Seleccion.o ingresos.o main.o parser.o -lLinkedList 
Info: Nothing to build for pruebaTp3
08:56:10 **** Incremental Build of configuration Debug for project pruebaTp3 ****
Info: Internal Builder is used for build
gcc -O0 -g3 -Wall -c -fmessage-length=0 -o Jugador.o "..\\Jugador.c" 
gcc "-LC:\\Users\\Julian Rodriguez\\Desktop\\PROGRAMACION  1\\TP3-2022\\eclipse_tp3_v5\\tp3_windows" -o pruebaTp3.exe Controller.o Jugador.o Seleccion.o ingresos.o main.o parser.o -lLinkedList 
Info: Nothing to build for pruebaTp3
08:56:33 **** Incremental Build of configuration Debug for project pruebaTp3 ****
Info: Internal Builder is used for build
gcc -O0 -g3 -Wall -c -fmessage-length=0 -o Jugador.o "..\\Jugador.c" 
gcc "-LC:\\Users\\Julian Rodriguez\\Desktop\\PROGRAMACION  1\\TP3-2022\\eclipse_tp3_v5\\tp3_windows" -o pruebaTp3.exe Controller.o Jugador.o Seleccion.o ingresos.o main.o parser.o -lLinkedList 
Info: Nothing to build for pruebaTp3
08:56:49 **** Incremental Build of configuration Debug for project pruebaTp3 ****
Info: Internal Builder is used for build
gcc -O0 -g3 -Wall -c -fmessage-length=0 -o Jugador.o "..\\Jugador.c" 
gcc "-LC:\\Users\\Julian Rodriguez\\Desktop\\PROGRAMACION  1\\TP3-2022\\eclipse_tp3_v5\\tp3_windows" -o pruebaTp3.exe Controller.o Jugador.o Seleccion.o ingresos.o main.o parser.o -lLinkedList 
Info: Nothing to build for pruebaTp3
10:55:58 **** Incremental Build of configuration Debug for project pruebaTp3 ****
Info: Internal Builder is used for build
gcc -O0 -g3 -Wall -c -fmessage-length=0 -o Controller.o "..\\Controller.c" 
gcc -O0 -g3 -Wall -c -fmessage-length=0 -o parser.o "..\\parser.c" 
gcc -O0 -g3 -Wall -c -fmessage-length=0 -o Seleccion.o "..\\Seleccion.c" 
gcc -O0 -g3 -Wall -c -fmessage-length=0 -o Jugador.o "..\\Jugador.c" 
..\Jugador.c: In function 'jug_convocar':
..\Jugador.c:461:13: warning: unused variable 'pSeleccion' [-Wunused-variable]
  Seleccion* pSeleccion;
             ^~~~~~~~~~
gcc -O0 -g3 -Wall -c -fmessage-length=0 -o main.o "..\\main.c" 
gcc "-LC:\\Users\\Julian Rodriguez\\Desktop\\PROGRAMACION  1\\TP3-2022\\eclipse_tp3_v5\\tp3_windows" -o pruebaTp3.exe Controller.o Jugador.o Seleccion.o ingresos.o main.o parser.o -lLinkedList 
10:56:05 **** Incremental Build of configuration Debug for project pruebaTp3 ****
Info: Internal Builder is used for build
gcc -O0 -g3 -Wall -c -fmessage-length=0 -o Jugador.o "..\\Jugador.c" 
gcc "-LC:\\Users\\Julian Rodriguez\\Desktop\\PROGRAMACION  1\\TP3-2022\\eclipse_tp3_v5\\tp3_windows" -o pruebaTp3.exe Controller.o Jugador.o Seleccion.o ingresos.o main.o parser.o -lLinkedList 
10:56:30 **** Incremental Build of configuration Debug for project pruebaTp3 ****
Info: Internal Builder is used for build
gcc -O0 -g3 -Wall -c -fmessage-length=0 -o Jugador.o "..\\Jugador.c" 
gcc "-LC:\\Users\\Julian Rodriguez\\Desktop\\PROGRAMACION  1\\TP3-2022\\eclipse_tp3_v5\\tp3_windows" -o pruebaTp3.exe Controller.o Jugador.o Seleccion.o ingresos.o main.o parser.o -lLinkedList 
11:15:03 **** Incremental Build of configuration Debug for project pruebaTp3 ****
Info: Internal Builder is used for build
gcc -O0 -g3 -Wall -c -fmessage-length=0 -o Jugador.o "..\\Jugador.c" 
..\Jugador.c: In function 'selec_Solicitar_Id':
..\Jugador.c:488:42: warning: passing argument 2 of 'll_get' makes integer from pointer without a cast [-Wint-conversion]
   pSeleccion=ll_get(pArrayListSeleccion, indice);
                                          ^~~~~~
In file included from ..\Seleccion.h:1:0,
                 from ..\Jugador.c:6:
..\LinkedList.h:42:7: note: expected 'int' but argument is of type 'int *'
 void* ll_get(LinkedList* this, int index);
       ^~~~~~
..\Jugador.c: In function 'jug_convocar':
..\Jugador.c:507:13: warning: unused variable 'pSeleccion' [-Wunused-variable]
  Seleccion* pSeleccion;
             ^~~~~~~~~~
..\Jugador.c:506:6: warning: unused variable 'idPais' [-Wunused-variable]
  int idPais;
      ^~~~~~
gcc "-LC:\\Users\\Julian Rodriguez\\Desktop\\PROGRAMACION  1\\TP3-2022\\eclipse_tp3_v5\\tp3_windows" -o pruebaTp3.exe Controller.o Jugador.o Seleccion.o ingresos.o main.o parser.o -lLinkedList 
11:15:57 **** Incremental Build of configuration Debug for project pruebaTp3 ****
Info: Internal Builder is used for build
gcc -O0 -g3 -Wall -c -fmessage-length=0 -o Jugador.o "..\\Jugador.c" 
..\Jugador.c: In function 'selec_Solicitar_Id':
..\Jugador.c:488:42: warning: passing argument 2 of 'll_get' makes integer from pointer without a cast [-Wint-conversion]
   pSeleccion=ll_get(pArrayListSeleccion, indice);
                                          ^~~~~~
In file included from ..\Seleccion.h:1:0,
                 from ..\Jugador.c:6:
..\LinkedList.h:42:7: note: expected 'int' but argument is of type 'int *'
 void* ll_get(LinkedList* this, int index);
       ^~~~~~
..\Jugador.c: In function 'jug_convocar':
..\Jugador.c:507:13: warning: unused variable 'pSeleccion' [-Wunused-variable]
  Seleccion* pSeleccion;
             ^~~~~~~~~~
..\Jugador.c:506:6: warning: unused variable 'idPais' [-Wunused-variable]
  int idPais;
      ^~~~~~
gcc -O0 -g3 -Wall -c -fmessage-length=0 -o parser.o "..\\parser.c" 
gcc -O0 -g3 -Wall -c -fmessage-length=0 -o Controller.o "..\\Controller.c" 
gcc -O0 -g3 -Wall -c -fmessage-length=0 -o main.o "..\\main.c" 
gcc "-LC:\\Users\\Julian Rodriguez\\Desktop\\PROGRAMACION  1\\TP3-2022\\eclipse_tp3_v5\\tp3_windows" -o pruebaTp3.exe Controller.o Jugador.o Seleccion.o ingresos.o main.o parser.o -lLinkedList 
11:16:17 **** Incremental Build of configuration Debug for project pruebaTp3 ****
Info: Internal Builder is used for build
gcc -O0 -g3 -Wall -c -fmessage-length=0 -o Jugador.o "..\\Jugador.c" 
..\Jugador.c: In function 'jug_convocar':
..\Jugador.c:507:13: warning: unused variable 'pSeleccion' [-Wunused-variable]
  Seleccion* pSeleccion;
             ^~~~~~~~~~
..\Jugador.c:506:6: warning: unused variable 'idPais' [-Wunused-variable]
  int idPais;
      ^~~~~~
gcc "-LC:\\Users\\Julian Rodriguez\\Desktop\\PROGRAMACION  1\\TP3-2022\\eclipse_tp3_v5\\tp3_windows" -o pruebaTp3.exe Controller.o Jugador.o Seleccion.o ingresos.o main.o parser.o -lLinkedList 
Info: Nothing to build for pruebaTp3
11:17:54 **** Incremental Build of configuration Debug for project pruebaTp3 ****
Info: Internal Builder is used for build
gcc -O0 -g3 -Wall -c -fmessage-length=0 -o Jugador.o "..\\Jugador.c" 
..\Jugador.c: In function 'jug_convocar':
..\Jugador.c:508:13: warning: unused variable 'pSeleccion' [-Wunused-variable]
  Seleccion* pSeleccion;
             ^~~~~~~~~~
..\Jugador.c:507:6: warning: unused variable 'idPais' [-Wunused-variable]
  int idPais;
      ^~~~~~
gcc "-LC:\\Users\\Julian Rodriguez\\Desktop\\PROGRAMACION  1\\TP3-2022\\eclipse_tp3_v5\\tp3_windows" -o pruebaTp3.exe Controller.o Jugador.o Seleccion.o ingresos.o main.o parser.o -lLinkedList 
Info: Nothing to build for pruebaTp3
11:18:35 **** Incremental Build of configuration Debug for project pruebaTp3 ****
Info: Internal Builder is used for build
gcc -O0 -g3 -Wall -c -fmessage-length=0 -o Jugador.o "..\\Jugador.c" 
..\Jugador.c: In function 'jug_convocar':
..\Jugador.c:508:13: warning: unused variable 'pSeleccion' [-Wunused-variable]
  Seleccion* pSeleccion;
             ^~~~~~~~~~
..\Jugador.c:507:6: warning: unused variable 'idPais' [-Wunused-variable]
  int idPais;
      ^~~~~~
gcc "-LC:\\Users\\Julian Rodriguez\\Desktop\\PROGRAMACION  1\\TP3-2022\\eclipse_tp3_v5\\tp3_windows" -o pruebaTp3.exe Controller.o Jugador.o Seleccion.o ingresos.o main.o parser.o -lLinkedList 
Info: Nothing to build for pruebaTp3
11:18:51 **** Incremental Build of configuration Debug for project pruebaTp3 ****
Info: Internal Builder is used for build
gcc -O0 -g3 -Wall -c -fmessage-length=0 -o Jugador.o "..\\Jugador.c" 
..\Jugador.c: In function 'jug_convocar':
..\Jugador.c:508:13: warning: unused variable 'pSeleccion' [-Wunused-variable]
  Seleccion* pSeleccion;
             ^~~~~~~~~~
..\Jugador.c:507:6: warning: unused variable 'idPais' [-Wunused-variable]
  int idPais;
      ^~~~~~
gcc "-LC:\\Users\\Julian Rodriguez\\Desktop\\PROGRAMACION  1\\TP3-2022\\eclipse_tp3_v5\\tp3_windows" -o pruebaTp3.exe Controller.o Jugador.o Seleccion.o ingresos.o main.o parser.o -lLinkedList 
Info: Nothing to build for pruebaTp3
11:19:09 **** Incremental Build of configuration Debug for project pruebaTp3 ****
Info: Internal Builder is used for build
gcc -O0 -g3 -Wall -c -fmessage-length=0 -o Jugador.o "..\\Jugador.c" 
..\Jugador.c: In function 'jug_convocar':
..\Jugador.c:508:13: warning: unused variable 'pSeleccion' [-Wunused-variable]
  Seleccion* pSeleccion;
             ^~~~~~~~~~
..\Jugador.c:507:6: warning: unused variable 'idPais' [-Wunused-variable]
  int idPais;
      ^~~~~~
gcc "-LC:\\Users\\Julian Rodriguez\\Desktop\\PROGRAMACION  1\\TP3-2022\\eclipse_tp3_v5\\tp3_windows" -o pruebaTp3.exe Controller.o Jugador.o Seleccion.o ingresos.o main.o parser.o -lLinkedList 
Info: Nothing to build for pruebaTp3
11:19:26 **** Incremental Build of configuration Debug for project pruebaTp3 ****
Info: Internal Builder is used for build
gcc -O0 -g3 -Wall -c -fmessage-length=0 -o Jugador.o "..\\Jugador.c" 
..\Jugador.c: In function 'jug_convocar':
..\Jugador.c:508:13: warning: unused variable 'pSeleccion' [-Wunused-variable]
  Seleccion* pSeleccion;
             ^~~~~~~~~~
..\Jugador.c:507:6: warning: unused variable 'idPais' [-Wunused-variable]
  int idPais;
      ^~~~~~
gcc "-LC:\\Users\\Julian Rodriguez\\Desktop\\PROGRAMACION  1\\TP3-2022\\eclipse_tp3_v5\\tp3_windows" -o pruebaTp3.exe Controller.o Jugador.o Seleccion.o ingresos.o main.o parser.o -lLinkedList 
Info: Nothing to build for pruebaTp3
11:19:45 **** Incremental Build of configuration Debug for project pruebaTp3 ****
Info: Internal Builder is used for build
gcc -O0 -g3 -Wall -c -fmessage-length=0 -o Jugador.o "..\\Jugador.c" 
..\Jugador.c: In function 'jug_convocar':
..\Jugador.c:508:13: warning: unused variable 'pSeleccion' [-Wunused-variable]
  Seleccion* pSeleccion;
             ^~~~~~~~~~
..\Jugador.c:507:6: warning: unused variable 'idPais' [-Wunused-variable]
  int idPais;
      ^~~~~~
gcc "-LC:\\Users\\Julian Rodriguez\\Desktop\\PROGRAMACION  1\\TP3-2022\\eclipse_tp3_v5\\tp3_windows" -o pruebaTp3.exe Controller.o Jugador.o Seleccion.o ingresos.o main.o parser.o -lLinkedList 
Info: Nothing to build for pruebaTp3
11:19:58 **** Incremental Build of configuration Debug for project pruebaTp3 ****
Info: Internal Builder is used for build
gcc -O0 -g3 -Wall -c -fmessage-length=0 -o Jugador.o "..\\Jugador.c" 
..\Jugador.c: In function 'jug_convocar':
..\Jugador.c:508:13: warning: unused variable 'pSeleccion' [-Wunused-variable]
  Seleccion* pSeleccion;
             ^~~~~~~~~~
..\Jugador.c:507:6: warning: unused variable 'idPais' [-Wunused-variable]
  int idPais;
      ^~~~~~
gcc "-LC:\\Users\\Julian Rodriguez\\Desktop\\PROGRAMACION  1\\TP3-2022\\eclipse_tp3_v5\\tp3_windows" -o pruebaTp3.exe Controller.o Jugador.o Seleccion.o ingresos.o main.o parser.o -lLinkedList 
Info: Nothing to build for pruebaTp3
11:20:40 **** Incremental Build of configuration Debug for project pruebaTp3 ****
Info: Internal Builder is used for build
gcc -O0 -g3 -Wall -c -fmessage-length=0 -o Jugador.o "..\\Jugador.c" 
..\Jugador.c: In function 'jug_convocar':
..\Jugador.c:509:13: warning: unused variable 'pSeleccion' [-Wunused-variable]
  Seleccion* pSeleccion;
             ^~~~~~~~~~
..\Jugador.c:508:6: warning: unused variable 'idPais' [-Wunused-variable]
  int idPais;
      ^~~~~~
gcc "-LC:\\Users\\Julian Rodriguez\\Desktop\\PROGRAMACION  1\\TP3-2022\\eclipse_tp3_v5\\tp3_windows" -o pruebaTp3.exe Controller.o Jugador.o Seleccion.o ingresos.o main.o parser.o -lLinkedList 
11:20:59 **** Incremental Build of configuration Debug for project pruebaTp3 ****
Info: Internal Builder is used for build
gcc -O0 -g3 -Wall -c -fmessage-length=0 -o Jugador.o "..\\Jugador.c" 
..\Jugador.c: In function 'jug_convocar':
..\Jugador.c:510:13: warning: unused variable 'pSeleccion' [-Wunused-variable]
  Seleccion* pSeleccion;
             ^~~~~~~~~~
..\Jugador.c:509:6: warning: unused variable 'idPais' [-Wunused-variable]
  int idPais;
      ^~~~~~
gcc "-LC:\\Users\\Julian Rodriguez\\Desktop\\PROGRAMACION  1\\TP3-2022\\eclipse_tp3_v5\\tp3_windows" -o pruebaTp3.exe Controller.o Jugador.o Seleccion.o ingresos.o main.o parser.o -lLinkedList 
Info: Nothing to build for pruebaTp3
11:21:11 **** Incremental Build of configuration Debug for project pruebaTp3 ****
Info: Internal Builder is used for build
gcc -O0 -g3 -Wall -c -fmessage-length=0 -o Jugador.o "..\\Jugador.c" 
..\Jugador.c: In function 'jug_convocar':
..\Jugador.c:511:13: warning: unused variable 'pSeleccion' [-Wunused-variable]
  Seleccion* pSeleccion;
             ^~~~~~~~~~
..\Jugador.c:510:6: warning: unused variable 'idPais' [-Wunused-variable]
  int idPais;
      ^~~~~~
gcc "-LC:\\Users\\Julian Rodriguez\\Desktop\\PROGRAMACION  1\\TP3-2022\\eclipse_tp3_v5\\tp3_windows" -o pruebaTp3.exe Controller.o Jugador.o Seleccion.o ingresos.o main.o parser.o -lLinkedList 
Info: Nothing to build for pruebaTp3
11:27:29 **** Incremental Build of configuration Debug for project pruebaTp3 ****
Info: Internal Builder is used for build
gcc -O0 -g3 -Wall -c -fmessage-length=0 -o Jugador.o "..\\Jugador.c" 
..\Jugador.c: In function 'jug_convocar':
..\Jugador.c:532:13: warning: unused variable 'pSeleccion' [-Wunused-variable]
  Seleccion* pSeleccion;
             ^~~~~~~~~~
..\Jugador.c:531:6: warning: unused variable 'idPais' [-Wunused-variable]
  int idPais;
      ^~~~~~
gcc "-LC:\\Users\\Julian Rodriguez\\Desktop\\PROGRAMACION  1\\TP3-2022\\eclipse_tp3_v5\\tp3_windows" -o pruebaTp3.exe Controller.o Jugador.o Seleccion.o ingresos.o main.o parser.o -lLinkedList 
Jugador.o: In function `jug_convocar':
C:\Users\Julian Rodriguez\Desktop\PROGRAMACION  1\TP3-2022\eclipse_tp3_v5\tp3_windows\Debug/../Jugador.c:540: undefined reference to `jug_ListarNoConvocados'
collect2.exe: error: ld returned 1 exit status
11:28:27 **** Incremental Build of configuration Debug for project pruebaTp3 ****
Info: Internal Builder is used for build
gcc -O0 -g3 -Wall -c -fmessage-length=0 -o parser.o "..\\parser.c" 
gcc -O0 -g3 -Wall -c -fmessage-length=0 -o Controller.o "..\\Controller.c" 
gcc -O0 -g3 -Wall -c -fmessage-length=0 -o main.o "..\\main.c" 
gcc -O0 -g3 -Wall -c -fmessage-length=0 -o Jugador.o "..\\Jugador.c" 
..\Jugador.c: In function 'jug_convocar':
..\Jugador.c:540:60: error: expected ';' before ')' token
    jug_Listar_Convocados_NoConvocados(pArrayListJugador, 2));
                                                            ^
..\Jugador.c:540:60: error: expected statement before ')' token
..\Jugador.c:532:13: warning: unused variable 'pSeleccion' [-Wunused-variable]
  Seleccion* pSeleccion;
             ^~~~~~~~~~
..\Jugador.c:531:6: warning: unused variable 'idPais' [-Wunused-variable]
  int idPais;
      ^~~~~~
11:28:28 **** Incremental Build of configuration Debug for project pruebaTp3 ****
Info: Internal Builder is used for build
gcc -O0 -g3 -Wall -c -fmessage-length=0 -o Jugador.o "..\\Jugador.c" 
..\Jugador.c: In function 'jug_convocar':
..\Jugador.c:540:60: error: expected ';' before ')' token
    jug_Listar_Convocados_NoConvocados(pArrayListJugador, 2));
                                                            ^
..\Jugador.c:540:60: error: expected statement before ')' token
..\Jugador.c:532:13: warning: unused variable 'pSeleccion' [-Wunused-variable]
  Seleccion* pSeleccion;
             ^~~~~~~~~~
..\Jugador.c:531:6: warning: unused variable 'idPais' [-Wunused-variable]
  int idPais;
      ^~~~~~
11:28:38 **** Incremental Build of configuration Debug for project pruebaTp3 ****
Info: Internal Builder is used for build
gcc -O0 -g3 -Wall -c -fmessage-length=0 -o Jugador.o "..\\Jugador.c" 
..\Jugador.c: In function 'jug_convocar':
..\Jugador.c:532:13: warning: unused variable 'pSeleccion' [-Wunused-variable]
  Seleccion* pSeleccion;
             ^~~~~~~~~~
..\Jugador.c:531:6: warning: unused variable 'idPais' [-Wunused-variable]
  int idPais;
      ^~~~~~
gcc "-LC:\\Users\\Julian Rodriguez\\Desktop\\PROGRAMACION  1\\TP3-2022\\eclipse_tp3_v5\\tp3_windows" -o pruebaTp3.exe Controller.o Jugador.o Seleccion.o ingresos.o main.o parser.o -lLinkedList 
Info: Nothing to build for pruebaTp3
11:29:01 **** Incremental Build of configuration Debug for project pruebaTp3 ****
Info: Internal Builder is used for build
gcc -O0 -g3 -Wall -c -fmessage-length=0 -o Jugador.o "..\\Jugador.c" 
..\Jugador.c: In function 'jug_convocar':
..\Jugador.c:532:13: warning: unused variable 'pSeleccion' [-Wunused-variable]
  Seleccion* pSeleccion;
             ^~~~~~~~~~
..\Jugador.c:531:6: warning: unused variable 'idPais' [-Wunused-variable]
  int idPais;
      ^~~~~~
gcc "-LC:\\Users\\Julian Rodriguez\\Desktop\\PROGRAMACION  1\\TP3-2022\\eclipse_tp3_v5\\tp3_windows" -o pruebaTp3.exe Controller.o Jugador.o Seleccion.o ingresos.o main.o parser.o -lLinkedList 
11:30:39 **** Incremental Build of configuration Debug for project pruebaTp3 ****
Info: Internal Builder is used for build
gcc -O0 -g3 -Wall -c -fmessage-length=0 -o Jugador.o "..\\Jugador.c" 
..\Jugador.c: In function 'jug_convocar':
..\Jugador.c:532:13: warning: unused variable 'pSeleccion' [-Wunused-variable]
  Seleccion* pSeleccion;
             ^~~~~~~~~~
..\Jugador.c:531:6: warning: unused variable 'idPais' [-Wunused-variable]
  int idPais;
      ^~~~~~
gcc "-LC:\\Users\\Julian Rodriguez\\Desktop\\PROGRAMACION  1\\TP3-2022\\eclipse_tp3_v5\\tp3_windows" -o pruebaTp3.exe Controller.o Jugador.o Seleccion.o ingresos.o main.o parser.o -lLinkedList 
Info: Nothing to build for pruebaTp3
Info: Nothing to build for pruebaTp3
11:36:31 **** Incremental Build of configuration Debug for project pruebaTp3 ****
Info: Internal Builder is used for build
gcc -O0 -g3 -Wall -c -fmessage-length=0 -o Jugador.o "..\\Jugador.c" 
..\Jugador.c: In function 'jug_convocar':
..\Jugador.c:545:12: error: incompatible types when assigning to type 'Jugador {aka struct <anonymous>}' from type 'void *'
    pJugador=ll_get(pArrayListJugador, indice);
            ^
..\Jugador.c:546:8: error: invalid type argument of unary '*' (have 'Jugador {aka struct <anonymous>}')
    if((*(pJugador)).idSeleccion==0)
        ^~~~~~~~~~~
..\Jugador.c:548:46: error: 'convocados' undeclared (first use in this function)
     selec_setConvocados(pArrayListSeleccion, convocados=*(convocados)+1);
                                              ^~~~~~~~~~
..\Jugador.c:548:46: note: each undeclared identifier is reported only once for each function it appears in
..\Jugador.c:548:25: warning: passing argument 1 of 'selec_setConvocados' from incompatible pointer type [-Wincompatible-pointer-types]
     selec_setConvocados(pArrayListSeleccion, convocados=*(convocados)+1);
                         ^~~~~~~~~~~~~~~~~~~
In file included from ..\Jugador.c:6:0:
..\Seleccion.h:28:5: note: expected 'Seleccion * {aka struct <anonymous> *}' but argument is of type 'LinkedList * {aka struct LinkedList *}'
 int selec_setConvocados(Seleccion* this,int convocados);
     ^~~~~~~~~~~~~~~~~~~
..\Jugador.c:531:6: warning: unused variable 'idPais' [-Wunused-variable]
  int idPais;
      ^~~~~~
11:37:05 **** Incremental Build of configuration Debug for project pruebaTp3 ****
Info: Internal Builder is used for build
gcc -O0 -g3 -Wall -c -fmessage-length=0 -o Jugador.o "..\\Jugador.c" 
..\Jugador.c: In function 'jug_convocar':
..\Jugador.c:545:12: error: incompatible types when assigning to type 'Jugador {aka struct <anonymous>}' from type 'void *'
    pJugador=ll_get(pArrayListJugador, indice);
            ^
..\Jugador.c:546:8: error: invalid type argument of unary '*' (have 'Jugador {aka struct <anonymous>}')
    if((*(pJugador)).idSeleccion==0)
        ^~~~~~~~~~~
..\Jugador.c:531:6: warning: unused variable 'idPais' [-Wunused-variable]
  int idPais;
      ^~~~~~
11:37:11 **** Incremental Build of configuration Debug for project pruebaTp3 ****
Info: Internal Builder is used for build
gcc -O0 -g3 -Wall -c -fmessage-length=0 -o Jugador.o "..\\Jugador.c" 
..\Jugador.c: In function 'jug_convocar':
..\Jugador.c:531:6: warning: unused variable 'idPais' [-Wunused-variable]
  int idPais;
      ^~~~~~
gcc "-LC:\\Users\\Julian Rodriguez\\Desktop\\PROGRAMACION  1\\TP3-2022\\eclipse_tp3_v5\\tp3_windows" -o pruebaTp3.exe Controller.o Jugador.o Seleccion.o ingresos.o main.o parser.o -lLinkedList 
11:37:15 **** Incremental Build of configuration Debug for project pruebaTp3 ****
Info: Internal Builder is used for build
gcc -O0 -g3 -Wall -c -fmessage-length=0 -o Jugador.o "..\\Jugador.c" 
..\Jugador.c: In function 'jug_convocar':
..\Jugador.c:548:46: error: 'convocados' undeclared (first use in this function)
     selec_setConvocados(pArrayListSeleccion, convocados=*(convocados)+1);
                                              ^~~~~~~~~~
..\Jugador.c:548:46: note: each undeclared identifier is reported only once for each function it appears in
..\Jugador.c:548:25: warning: passing argument 1 of 'selec_setConvocados' from incompatible pointer type [-Wincompatible-pointer-types]
     selec_setConvocados(pArrayListSeleccion, convocados=*(convocados)+1);
                         ^~~~~~~~~~~~~~~~~~~
In file included from ..\Jugador.c:6:0:
..\Seleccion.h:28:5: note: expected 'Seleccion * {aka struct <anonymous> *}' but argument is of type 'LinkedList * {aka struct LinkedList *}'
 int selec_setConvocados(Seleccion* this,int convocados);
     ^~~~~~~~~~~~~~~~~~~
..\Jugador.c:531:6: warning: unused variable 'idPais' [-Wunused-variable]
  int idPais;
      ^~~~~~
11:43:47 **** Incremental Build of configuration Debug for project pruebaTp3 ****
Info: Internal Builder is used for build
gcc -O0 -g3 -Wall -c -fmessage-length=0 -o Jugador.o "..\\Jugador.c" 
..\Jugador.c: In function 'jug_convocar':
..\Jugador.c:551:25: warning: passing argument 1 of 'selec_setConvocados' from incompatible pointer type [-Wincompatible-pointer-types]
     selec_setConvocados(pArrayListSeleccion, convocados);
                         ^~~~~~~~~~~~~~~~~~~
In file included from ..\Jugador.c:6:0:
..\Seleccion.h:28:5: note: expected 'Seleccion * {aka struct <anonymous> *}' but argument is of type 'LinkedList * {aka struct LinkedList *}'
 int selec_setConvocados(Seleccion* this,int convocados);
     ^~~~~~~~~~~~~~~~~~~
gcc "-LC:\\Users\\Julian Rodriguez\\Desktop\\PROGRAMACION  1\\TP3-2022\\eclipse_tp3_v5\\tp3_windows" -o pruebaTp3.exe Controller.o Jugador.o Seleccion.o ingresos.o main.o parser.o -lLinkedList 
11:44:17 **** Incremental Build of configuration Debug for project pruebaTp3 ****
Info: Internal Builder is used for build
gcc -O0 -g3 -Wall -c -fmessage-length=0 -o Jugador.o "..\\Jugador.c" 
gcc "-LC:\\Users\\Julian Rodriguez\\Desktop\\PROGRAMACION  1\\TP3-2022\\eclipse_tp3_v5\\tp3_windows" -o pruebaTp3.exe Controller.o Jugador.o Seleccion.o ingresos.o main.o parser.o -lLinkedList 
11:44:58 **** Incremental Build of configuration Debug for project pruebaTp3 ****
Info: Internal Builder is used for build
gcc -O0 -g3 -Wall -c -fmessage-length=0 -o Jugador.o "..\\Jugador.c" 
gcc "-LC:\\Users\\Julian Rodriguez\\Desktop\\PROGRAMACION  1\\TP3-2022\\eclipse_tp3_v5\\tp3_windows" -o pruebaTp3.exe Controller.o Jugador.o Seleccion.o ingresos.o main.o parser.o -lLinkedList 
11:46:02 **** Incremental Build of configuration Debug for project pruebaTp3 ****
Info: Internal Builder is used for build
gcc -O0 -g3 -Wall -c -fmessage-length=0 -o Jugador.o "..\\Jugador.c" 
gcc "-LC:\\Users\\Julian Rodriguez\\Desktop\\PROGRAMACION  1\\TP3-2022\\eclipse_tp3_v5\\tp3_windows" -o pruebaTp3.exe Controller.o Jugador.o Seleccion.o ingresos.o main.o parser.o -lLinkedList 
11:46:57 **** Incremental Build of configuration Debug for project pruebaTp3 ****
Info: Internal Builder is used for build
gcc -O0 -g3 -Wall -c -fmessage-length=0 -o Jugador.o "..\\Jugador.c" 
gcc "-LC:\\Users\\Julian Rodriguez\\Desktop\\PROGRAMACION  1\\TP3-2022\\eclipse_tp3_v5\\tp3_windows" -o pruebaTp3.exe Controller.o Jugador.o Seleccion.o ingresos.o main.o parser.o -lLinkedList 
11:50:45 **** Incremental Build of configuration Debug for project pruebaTp3 ****
Info: Internal Builder is used for build
gcc -O0 -g3 -Wall -c -fmessage-length=0 -o Jugador.o "..\\Jugador.c" 
gcc "-LC:\\Users\\Julian Rodriguez\\Desktop\\PROGRAMACION  1\\TP3-2022\\eclipse_tp3_v5\\tp3_windows" -o pruebaTp3.exe Controller.o Jugador.o Seleccion.o ingresos.o main.o parser.o -lLinkedList 
Info: Nothing to build for pruebaTp3
12:13:03 **** Incremental Build of configuration Debug for project pruebaTp3 ****
Info: Internal Builder is used for build
gcc -O0 -g3 -Wall -c -fmessage-length=0 -o Jugador.o "..\\Jugador.c" 
..\Jugador.c: In function 'selec_AsignarDescripcionPais':
..\Jugador.c:219:14: error: incompatible types when assigning to type 'Seleccion {aka struct <anonymous>}' from type 'void *'
    pSeleccion=ll_get(pArrayListSeleccion, i);
              ^
..\Jugador.c:220:8: error: invalid type argument of unary '*' (have 'Seleccion {aka struct <anonymous>}')
    if((*(pSeleccion)).id==(*(pJugador)).idSeleccion)
        ^~~~~~~~~~~~~
..\Jugador.c:223:22: error: invalid type argument of unary '*' (have 'Seleccion {aka struct <anonymous>}')
     descripcionPais=(*(pSeleccion)).pais;
                      ^~~~~~~~~~~~~
..\Jugador.c: In function 'jug_convocar':
..\Jugador.c:574:4: error: too few arguments to function 'jug_Listar_Convocados_NoConvocados'
    jug_Listar_Convocados_NoConvocados(pArrayListJugador, 2);
    ^~~~~~~~~~~~~~~~~~~~~~~~~~~~~~~~~~
..\Jugador.c:230:5: note: declared here
 int jug_Listar_Convocados_NoConvocados(LinkedList* pArrayListJugador, int referencia, LinkedList* pArrayListSeleccion)
     ^~~~~~~~~~~~~~~~~~~~~~~~~~~~~~~~~~
..\Jugador.c:590:4: error: expected ';' before '}' token
    }
    ^
..\Jugador.c: In function 'operara_Menu_Opcion5':
..\Jugador.c:655:7: error: too few arguments to function 'jug_Listar_Convocados_NoConvocados'
       jug_Listar_Convocados_NoConvocados(pArrayListJugador, 1);
       ^~~~~~~~~~~~~~~~~~~~~~~~~~~~~~~~~~
..\Jugador.c:230:5: note: declared here
 int jug_Listar_Convocados_NoConvocados(LinkedList* pArrayListJugador, int referencia, LinkedList* pArrayListSeleccion)
     ^~~~~~~~~~~~~~~~~~~~~~~~~~~~~~~~~~
12:13:07 **** Incremental Build of configuration Debug for project pruebaTp3 ****
Info: Internal Builder is used for build
gcc -O0 -g3 -Wall -c -fmessage-length=0 -o Jugador.o "..\\Jugador.c" 
..\Jugador.c: In function 'selec_AsignarDescripcionPais':
..\Jugador.c:219:14: error: incompatible types when assigning to type 'Seleccion {aka struct <anonymous>}' from type 'void *'
    pSeleccion=ll_get(pArrayListSeleccion, i);
              ^
..\Jugador.c:220:8: error: invalid type argument of unary '*' (have 'Seleccion {aka struct <anonymous>}')
    if((*(pSeleccion)).id==(*(pJugador)).idSeleccion)
        ^~~~~~~~~~~~~
..\Jugador.c:223:22: error: invalid type argument of unary '*' (have 'Seleccion {aka struct <anonymous>}')
     descripcionPais=(*(pSeleccion)).pais;
                      ^~~~~~~~~~~~~
..\Jugador.c: In function 'jug_convocar':
..\Jugador.c:574:4: error: too few arguments to function 'jug_Listar_Convocados_NoConvocados'
    jug_Listar_Convocados_NoConvocados(pArrayListJugador, 2);
    ^~~~~~~~~~~~~~~~~~~~~~~~~~~~~~~~~~
..\Jugador.c:230:5: note: declared here
 int jug_Listar_Convocados_NoConvocados(LinkedList* pArrayListJugador, int referencia, LinkedList* pArrayListSeleccion)
     ^~~~~~~~~~~~~~~~~~~~~~~~~~~~~~~~~~
..\Jugador.c:590:4: error: expected ';' before '}' token
    }
    ^
..\Jugador.c: In function 'operara_Menu_Opcion5':
..\Jugador.c:655:7: error: too few arguments to function 'jug_Listar_Convocados_NoConvocados'
       jug_Listar_Convocados_NoConvocados(pArrayListJugador, 1);
       ^~~~~~~~~~~~~~~~~~~~~~~~~~~~~~~~~~
..\Jugador.c:230:5: note: declared here
 int jug_Listar_Convocados_NoConvocados(LinkedList* pArrayListJugador, int referencia, LinkedList* pArrayListSeleccion)
     ^~~~~~~~~~~~~~~~~~~~~~~~~~~~~~~~~~
12:13:23 **** Incremental Build of configuration Debug for project pruebaTp3 ****
Info: Internal Builder is used for build
gcc -O0 -g3 -Wall -c -fmessage-length=0 -o Jugador.o "..\\Jugador.c" 
..\Jugador.c: In function 'jug_convocar':
..\Jugador.c:574:4: error: too few arguments to function 'jug_Listar_Convocados_NoConvocados'
    jug_Listar_Convocados_NoConvocados(pArrayListJugador, 2);
    ^~~~~~~~~~~~~~~~~~~~~~~~~~~~~~~~~~
..\Jugador.c:230:5: note: declared here
 int jug_Listar_Convocados_NoConvocados(LinkedList* pArrayListJugador, int referencia, LinkedList* pArrayListSeleccion)
     ^~~~~~~~~~~~~~~~~~~~~~~~~~~~~~~~~~
..\Jugador.c:590:4: error: expected ';' before '}' token
    }
    ^
..\Jugador.c: In function 'operara_Menu_Opcion5':
..\Jugador.c:655:7: error: too few arguments to function 'jug_Listar_Convocados_NoConvocados'
       jug_Listar_Convocados_NoConvocados(pArrayListJugador, 1);
       ^~~~~~~~~~~~~~~~~~~~~~~~~~~~~~~~~~
..\Jugador.c:230:5: note: declared here
 int jug_Listar_Convocados_NoConvocados(LinkedList* pArrayListJugador, int referencia, LinkedList* pArrayListSeleccion)
     ^~~~~~~~~~~~~~~~~~~~~~~~~~~~~~~~~~
12:13:41 **** Incremental Build of configuration Debug for project pruebaTp3 ****
Info: Internal Builder is used for build
gcc -O0 -g3 -Wall -c -fmessage-length=0 -o Jugador.o "..\\Jugador.c" 
..\Jugador.c: In function 'jug_convocar':
..\Jugador.c:574:4: error: too few arguments to function 'jug_Listar_Convocados_NoConvocados'
    jug_Listar_Convocados_NoConvocados(pArrayListJugador, 2);
    ^~~~~~~~~~~~~~~~~~~~~~~~~~~~~~~~~~
..\Jugador.c:230:5: note: declared here
 int jug_Listar_Convocados_NoConvocados(LinkedList* pArrayListJugador, int referencia, LinkedList* pArrayListSeleccion)
     ^~~~~~~~~~~~~~~~~~~~~~~~~~~~~~~~~~
..\Jugador.c:590:4: error: expected ';' before '}' token
    }
    ^
12:13:49 **** Incremental Build of configuration Debug for project pruebaTp3 ****
Info: Internal Builder is used for build
gcc -O0 -g3 -Wall -c -fmessage-length=0 -o Jugador.o "..\\Jugador.c" 
..\Jugador.c: In function 'jug_convocar':
..\Jugador.c:574:4: error: too few arguments to function 'jug_Listar_Convocados_NoConvocados'
    jug_Listar_Convocados_NoConvocados(pArrayListJugador, 2);
    ^~~~~~~~~~~~~~~~~~~~~~~~~~~~~~~~~~
..\Jugador.c:230:5: note: declared here
 int jug_Listar_Convocados_NoConvocados(LinkedList* pArrayListJugador, int referencia, LinkedList* pArrayListSeleccion)
     ^~~~~~~~~~~~~~~~~~~~~~~~~~~~~~~~~~
12:14:17 **** Incremental Build of configuration Debug for project pruebaTp3 ****
Info: Internal Builder is used for build
gcc -O0 -g3 -Wall -c -fmessage-length=0 -o Jugador.o "..\\Jugador.c" 
gcc -O0 -g3 -Wall -c -fmessage-length=0 -o main.o "..\\main.c" 
gcc "-LC:\\Users\\Julian Rodriguez\\Desktop\\PROGRAMACION  1\\TP3-2022\\eclipse_tp3_v5\\tp3_windows" -o pruebaTp3.exe Controller.o Jugador.o Seleccion.o ingresos.o main.o parser.o -lLinkedList 
Info: Nothing to build for pruebaTp3
12:14:39 **** Incremental Build of configuration Debug for project pruebaTp3 ****
Info: Internal Builder is used for build
gcc -O0 -g3 -Wall -c -fmessage-length=0 -o Jugador.o "..\\Jugador.c" 
..\Jugador.c: In function 'operara_Menu_Opcion5':
..\Jugador.c:664:7: error: too few arguments to function 'jug_Listar_Convocados_NoConvocados'
       jug_Listar_Convocados_NoConvocados(pArrayListJugador, 1);
       ^~~~~~~~~~~~~~~~~~~~~~~~~~~~~~~~~~
..\Jugador.c:230:5: note: declared here
 int jug_Listar_Convocados_NoConvocados(LinkedList* pArrayListJugador, int referencia, LinkedList* pArrayListSeleccion)
     ^~~~~~~~~~~~~~~~~~~~~~~~~~~~~~~~~~
12:15:17 **** Incremental Build of configuration Debug for project pruebaTp3 ****
Info: Internal Builder is used for build
gcc -O0 -g3 -Wall -c -fmessage-length=0 -o Jugador.o "..\\Jugador.c" 
gcc "-LC:\\Users\\Julian Rodriguez\\Desktop\\PROGRAMACION  1\\TP3-2022\\eclipse_tp3_v5\\tp3_windows" -o pruebaTp3.exe Controller.o Jugador.o Seleccion.o ingresos.o main.o parser.o -lLinkedList 
Info: Nothing to build for pruebaTp3
12:22:14 **** Incremental Build of configuration Debug for project pruebaTp3 ****
Info: Internal Builder is used for build
gcc -O0 -g3 -Wall -c -fmessage-length=0 -o Jugador.o "..\\Jugador.c" 
..\Jugador.c: In function 'jug_Listar_Convocados':
..\Jugador.c:264:13: warning: unused variable 'pSeleccion' [-Wunused-variable]
  Seleccion* pSeleccion;
             ^~~~~~~~~~
..\Jugador.c: In function 'operara_Menu_Opcion5':
..\Jugador.c:690:7: warning: implicit declaration of function 'jug_Listar_Convocados_NoConvocados' [-Wimplicit-function-declaration]
       jug_Listar_Convocados_NoConvocados(pArrayListJugador, 1, pArrayListSeleccion);
       ^~~~~~~~~~~~~~~~~~~~~~~~~~~~~~~~~~
gcc "-LC:\\Users\\Julian Rodriguez\\Desktop\\PROGRAMACION  1\\TP3-2022\\eclipse_tp3_v5\\tp3_windows" -o pruebaTp3.exe Controller.o Jugador.o Seleccion.o ingresos.o main.o parser.o -lLinkedList 
Jugador.o: In function `operara_Menu_Opcion5':
C:\Users\Julian Rodriguez\Desktop\PROGRAMACION  1\TP3-2022\eclipse_tp3_v5\tp3_windows\Debug/../Jugador.c:690: undefined reference to `jug_Listar_Convocados_NoConvocados'
collect2.exe: error: ld returned 1 exit status
12:22:40 **** Incremental Build of configuration Debug for project pruebaTp3 ****
Info: Internal Builder is used for build
gcc -O0 -g3 -Wall -c -fmessage-length=0 -o Jugador.o "..\\Jugador.c" 
..\Jugador.c: In function 'jug_Listar_Convocados':
..\Jugador.c:264:13: warning: unused variable 'pSeleccion' [-Wunused-variable]
  Seleccion* pSeleccion;
             ^~~~~~~~~~
gcc "-LC:\\Users\\Julian Rodriguez\\Desktop\\PROGRAMACION  1\\TP3-2022\\eclipse_tp3_v5\\tp3_windows" -o pruebaTp3.exe Controller.o Jugador.o Seleccion.o ingresos.o main.o parser.o -lLinkedList 
Info: Nothing to build for pruebaTp3
12:24:57 **** Incremental Build of configuration Debug for project pruebaTp3 ****
Info: Internal Builder is used for build
gcc -O0 -g3 -Wall -c -fmessage-length=0 -o Jugador.o "..\\Jugador.c" 
..\Jugador.c: In function 'jug_Listar_Convocados':
..\Jugador.c:264:13: warning: unused variable 'pSeleccion' [-Wunused-variable]
  Seleccion* pSeleccion;
             ^~~~~~~~~~
gcc "-LC:\\Users\\Julian Rodriguez\\Desktop\\PROGRAMACION  1\\TP3-2022\\eclipse_tp3_v5\\tp3_windows" -o pruebaTp3.exe Controller.o Jugador.o Seleccion.o ingresos.o main.o parser.o -lLinkedList 
Info: Nothing to build for pruebaTp3
12:26:34 **** Incremental Build of configuration Debug for project pruebaTp3 ****
Info: Internal Builder is used for build
gcc -O0 -g3 -Wall -c -fmessage-length=0 -o Jugador.o "..\\Jugador.c" 
..\Jugador.c: In function 'jug_Listar_Convocados':
..\Jugador.c:264:13: warning: unused variable 'pSeleccion' [-Wunused-variable]
  Seleccion* pSeleccion;
             ^~~~~~~~~~
gcc "-LC:\\Users\\Julian Rodriguez\\Desktop\\PROGRAMACION  1\\TP3-2022\\eclipse_tp3_v5\\tp3_windows" -o pruebaTp3.exe Controller.o Jugador.o Seleccion.o ingresos.o main.o parser.o -lLinkedList 
Info: Nothing to build for pruebaTp3
12:28:46 **** Incremental Build of configuration Debug for project pruebaTp3 ****
Info: Internal Builder is used for build
gcc -O0 -g3 -Wall -c -fmessage-length=0 -o Jugador.o "..\\Jugador.c" 
..\Jugador.c: In function 'jug_Listar_Convocados':
..\Jugador.c:264:13: warning: unused variable 'pSeleccion' [-Wunused-variable]
  Seleccion* pSeleccion;
             ^~~~~~~~~~
gcc "-LC:\\Users\\Julian Rodriguez\\Desktop\\PROGRAMACION  1\\TP3-2022\\eclipse_tp3_v5\\tp3_windows" -o pruebaTp3.exe Controller.o Jugador.o Seleccion.o ingresos.o main.o parser.o -lLinkedList 
Info: Nothing to build for pruebaTp3
12:29:58 **** Incremental Build of configuration Debug for project pruebaTp3 ****
Info: Internal Builder is used for build
gcc -O0 -g3 -Wall -c -fmessage-length=0 -o Jugador.o "..\\Jugador.c" 
..\Jugador.c: In function 'jug_Listar_Convocados':
..\Jugador.c:264:13: warning: unused variable 'pSeleccion' [-Wunused-variable]
  Seleccion* pSeleccion;
             ^~~~~~~~~~
gcc "-LC:\\Users\\Julian Rodriguez\\Desktop\\PROGRAMACION  1\\TP3-2022\\eclipse_tp3_v5\\tp3_windows" -o pruebaTp3.exe Controller.o Jugador.o Seleccion.o ingresos.o main.o parser.o -lLinkedList 
Info: Nothing to build for pruebaTp3
12:31:00 **** Incremental Build of configuration Debug for project pruebaTp3 ****
Info: Internal Builder is used for build
gcc -O0 -g3 -Wall -c -fmessage-length=0 -o Jugador.o "..\\Jugador.c" 
..\Jugador.c: In function 'selec_AsignarDescripcionPais':
..\Jugador.c:224:8: error: assignment to expression with array type
     aux=(*(pSeleccion)).pais;
        ^
..\Jugador.c: In function 'jug_Listar_Convocados':
..\Jugador.c:266:13: warning: unused variable 'pSeleccion' [-Wunused-variable]
  Seleccion* pSeleccion;
             ^~~~~~~~~~
12:31:57 **** Incremental Build of configuration Debug for project pruebaTp3 ****
Info: Internal Builder is used for build
gcc -O0 -g3 -Wall -c -fmessage-length=0 -o Jugador.o "..\\Jugador.c" 
..\Jugador.c: In function 'jug_Listar_Convocados':
..\Jugador.c:265:13: warning: unused variable 'pSeleccion' [-Wunused-variable]
  Seleccion* pSeleccion;
             ^~~~~~~~~~
gcc "-LC:\\Users\\Julian Rodriguez\\Desktop\\PROGRAMACION  1\\TP3-2022\\eclipse_tp3_v5\\tp3_windows" -o pruebaTp3.exe Controller.o Jugador.o Seleccion.o ingresos.o main.o parser.o -lLinkedList 
Info: Nothing to build for pruebaTp3
12:41:23 **** Incremental Build of configuration Debug for project pruebaTp3 ****
Info: Internal Builder is used for build
gcc -O0 -g3 -Wall -c -fmessage-length=0 -o Jugador.o "..\\Jugador.c" 
..\Jugador.c: In function 'jug_Listar_Convocados':
..\Jugador.c:263:13: warning: unused variable 'pSeleccion' [-Wunused-variable]
  Seleccion* pSeleccion;
             ^~~~~~~~~~
..\Jugador.c:287:6: warning: 'id' may be used uninitialized in this function [-Wmaybe-uninitialized]
      printf("|  %*d|%*s| %*d|%*s|%*s|    %*d|%*s\n",
      ^~~~~~~~~~~~~~~~~~~~~~~~~~~~~~~~~~~~~~~~~~~~~~~
        -4,id,-40,(*(pJugador)).nombreCompleto,-3,(*(pJugador)).edad,-25,(*(pJugador)).posicion,
        ~~~~~~~~~~~~~~~~~~~~~~~~~~~~~~~~~~~~~~~~~~~~~~~~~~~~~~~~~~~~~~~~~~~~~~~~~~~~~~~~~~~~~~~~
        -18,(*(pJugador)).nacionalidad,-5,(*(pJugador)).idSeleccion,-15,descripcionPais);
        ~~~~~~~~~~~~~~~~~~~~~~~~~~~~~~~~~~~~~~~~~~~~~~~~~~~~~~~~~~~~~~~~~~~~~~~~~~~~~~~~
gcc "-LC:\\Users\\Julian Rodriguez\\Desktop\\PROGRAMACION  1\\TP3-2022\\eclipse_tp3_v5\\tp3_windows" -o pruebaTp3.exe Controller.o Jugador.o Seleccion.o ingresos.o main.o parser.o -lLinkedList 
12:41:59 **** Incremental Build of configuration Debug for project pruebaTp3 ****
Info: Internal Builder is used for build
gcc -O0 -g3 -Wall -c -fmessage-length=0 -o Jugador.o "..\\Jugador.c" 
..\Jugador.c: In function 'jug_Listar_Convocados':
..\Jugador.c:287:6: warning: 'id' may be used uninitialized in this function [-Wmaybe-uninitialized]
      printf("|  %*d|%*s| %*d|%*s|%*s|    %*d|%*s\n",
      ^~~~~~~~~~~~~~~~~~~~~~~~~~~~~~~~~~~~~~~~~~~~~~~
        -4,id,-40,(*(pJugador)).nombreCompleto,-3,(*(pJugador)).edad,-25,(*(pJugador)).posicion,
        ~~~~~~~~~~~~~~~~~~~~~~~~~~~~~~~~~~~~~~~~~~~~~~~~~~~~~~~~~~~~~~~~~~~~~~~~~~~~~~~~~~~~~~~~
        -18,(*(pJugador)).nacionalidad,-5,(*(pJugador)).idSeleccion,-15,descripcionPais);
        ~~~~~~~~~~~~~~~~~~~~~~~~~~~~~~~~~~~~~~~~~~~~~~~~~~~~~~~~~~~~~~~~~~~~~~~~~~~~~~~~
gcc "-LC:\\Users\\Julian Rodriguez\\Desktop\\PROGRAMACION  1\\TP3-2022\\eclipse_tp3_v5\\tp3_windows" -o pruebaTp3.exe Controller.o Jugador.o Seleccion.o ingresos.o main.o parser.o -lLinkedList 
12:42:38 **** Incremental Build of configuration Debug for project pruebaTp3 ****
Info: Internal Builder is used for build
gcc -O0 -g3 -Wall -c -fmessage-length=0 -o Jugador.o "..\\Jugador.c" 
..\Jugador.c: In function 'jug_Listar_Convocados':
..\Jugador.c:269:6: warning: unused variable 'id' [-Wunused-variable]
  int id;
      ^~
gcc "-LC:\\Users\\Julian Rodriguez\\Desktop\\PROGRAMACION  1\\TP3-2022\\eclipse_tp3_v5\\tp3_windows" -o pruebaTp3.exe Controller.o Jugador.o Seleccion.o ingresos.o main.o parser.o -lLinkedList 
12:42:48 **** Incremental Build of configuration Debug for project pruebaTp3 ****
Info: Internal Builder is used for build
gcc -O0 -g3 -Wall -c -fmessage-length=0 -o Jugador.o "..\\Jugador.c" 
gcc "-LC:\\Users\\Julian Rodriguez\\Desktop\\PROGRAMACION  1\\TP3-2022\\eclipse_tp3_v5\\tp3_windows" -o pruebaTp3.exe Controller.o Jugador.o Seleccion.o ingresos.o main.o parser.o -lLinkedList 
Info: Nothing to build for pruebaTp3
12:44:37 **** Incremental Build of configuration Debug for project pruebaTp3 ****
Info: Internal Builder is used for build
gcc -O0 -g3 -Wall -c -fmessage-length=0 -o Jugador.o "..\\Jugador.c" 
gcc "-LC:\\Users\\Julian Rodriguez\\Desktop\\PROGRAMACION  1\\TP3-2022\\eclipse_tp3_v5\\tp3_windows" -o pruebaTp3.exe Controller.o Jugador.o Seleccion.o ingresos.o main.o parser.o -lLinkedList 
12:44:49 **** Incremental Build of configuration Debug for project pruebaTp3 ****
Info: Internal Builder is used for build
gcc -O0 -g3 -Wall -c -fmessage-length=0 -o Jugador.o "..\\Jugador.c" 
gcc "-LC:\\Users\\Julian Rodriguez\\Desktop\\PROGRAMACION  1\\TP3-2022\\eclipse_tp3_v5\\tp3_windows" -o pruebaTp3.exe Controller.o Jugador.o Seleccion.o ingresos.o main.o parser.o -lLinkedList 
12:46:08 **** Incremental Build of configuration Debug for project pruebaTp3 ****
Info: Internal Builder is used for build
gcc -O0 -g3 -Wall -c -fmessage-length=0 -o Jugador.o "..\\Jugador.c" 
gcc "-LC:\\Users\\Julian Rodriguez\\Desktop\\PROGRAMACION  1\\TP3-2022\\eclipse_tp3_v5\\tp3_windows" -o pruebaTp3.exe Controller.o Jugador.o Seleccion.o ingresos.o main.o parser.o -lLinkedList 
Info: Nothing to build for pruebaTp3
12:52:23 **** Incremental Build of configuration Debug for project pruebaTp3 ****
Info: Internal Builder is used for build
gcc -O0 -g3 -Wall -c -fmessage-length=0 -o Jugador.o "..\\Jugador.c" 
..\Jugador.c: In function 'jug_Listar_Convocados':
..\Jugador.c:293:21: warning: format '%d' expects a matching 'int' argument [-Wformat=]
   printf("CANTIDAD %d");
                     ^
..\Jugador.c:265:7: warning: unused variable 'descripcionPais' [-Wunused-variable]
  char descripcionPais[30];
       ^~~~~~~~~~~~~~~
gcc "-LC:\\Users\\Julian Rodriguez\\Desktop\\PROGRAMACION  1\\TP3-2022\\eclipse_tp3_v5\\tp3_windows" -o pruebaTp3.exe Controller.o Jugador.o Seleccion.o ingresos.o main.o parser.o -lLinkedList 
Info: Nothing to build for pruebaTp3
12:53:05 **** Incremental Build of configuration Debug for project pruebaTp3 ****
Info: Internal Builder is used for build
gcc -O0 -g3 -Wall -c -fmessage-length=0 -o Jugador.o "..\\Jugador.c" 
..\Jugador.c: In function 'jug_Listar_Convocados':
..\Jugador.c:293:21: warning: format '%d' expects a matching 'int' argument [-Wformat=]
   printf("CANTIDAD %d");
                     ^
..\Jugador.c:265:7: warning: unused variable 'descripcionPais' [-Wunused-variable]
  char descripcionPais[30];
       ^~~~~~~~~~~~~~~
gcc "-LC:\\Users\\Julian Rodriguez\\Desktop\\PROGRAMACION  1\\TP3-2022\\eclipse_tp3_v5\\tp3_windows" -o pruebaTp3.exe Controller.o Jugador.o Seleccion.o ingresos.o main.o parser.o -lLinkedList 
12:53:32 **** Incremental Build of configuration Debug for project pruebaTp3 ****
Info: Internal Builder is used for build
gcc -O0 -g3 -Wall -c -fmessage-length=0 -o Jugador.o "..\\Jugador.c" 
..\Jugador.c: In function 'jug_Listar_Convocados':
..\Jugador.c:265:7: warning: unused variable 'descripcionPais' [-Wunused-variable]
  char descripcionPais[30];
       ^~~~~~~~~~~~~~~
gcc "-LC:\\Users\\Julian Rodriguez\\Desktop\\PROGRAMACION  1\\TP3-2022\\eclipse_tp3_v5\\tp3_windows" -o pruebaTp3.exe Controller.o Jugador.o Seleccion.o ingresos.o main.o parser.o -lLinkedList 
Info: Nothing to build for pruebaTp3
Info: Nothing to build for pruebaTp3
12:54:27 **** Incremental Build of configuration Debug for project pruebaTp3 ****
Info: Internal Builder is used for build
gcc -O0 -g3 -Wall -c -fmessage-length=0 -o Jugador.o "..\\Jugador.c" 
..\Jugador.c: In function 'jug_Listar_Convocados':
..\Jugador.c:265:7: warning: unused variable 'descripcionPais' [-Wunused-variable]
  char descripcionPais[30];
       ^~~~~~~~~~~~~~~
gcc "-LC:\\Users\\Julian Rodriguez\\Desktop\\PROGRAMACION  1\\TP3-2022\\eclipse_tp3_v5\\tp3_windows" -o pruebaTp3.exe Controller.o Jugador.o Seleccion.o ingresos.o main.o parser.o -lLinkedList 
Info: Nothing to build for pruebaTp3
Info: Nothing to build for pruebaTp3
Info: Nothing to build for pruebaTp3
12:56:04 **** Incremental Build of configuration Debug for project pruebaTp3 ****
Info: Internal Builder is used for build
gcc -O0 -g3 -Wall -c -fmessage-length=0 -o Jugador.o "..\\Jugador.c" 
..\Jugador.c: In function 'jug_Listar_Convocados':
..\Jugador.c:265:7: warning: unused variable 'descripcionPais' [-Wunused-variable]
  char descripcionPais[30];
       ^~~~~~~~~~~~~~~
gcc "-LC:\\Users\\Julian Rodriguez\\Desktop\\PROGRAMACION  1\\TP3-2022\\eclipse_tp3_v5\\tp3_windows" -o pruebaTp3.exe Controller.o Jugador.o Seleccion.o ingresos.o main.o parser.o -lLinkedList 
Info: Nothing to build for pruebaTp3
Info: Nothing to build for pruebaTp3
12:56:45 **** Incremental Build of configuration Debug for project pruebaTp3 ****
Info: Internal Builder is used for build
gcc -O0 -g3 -Wall -c -fmessage-length=0 -o Jugador.o "..\\Jugador.c" 
..\Jugador.c: In function 'jug_Listar_Convocados':
..\Jugador.c:265:7: warning: unused variable 'descripcionPais' [-Wunused-variable]
  char descripcionPais[30];
       ^~~~~~~~~~~~~~~
gcc "-LC:\\Users\\Julian Rodriguez\\Desktop\\PROGRAMACION  1\\TP3-2022\\eclipse_tp3_v5\\tp3_windows" -o pruebaTp3.exe Controller.o Jugador.o Seleccion.o ingresos.o main.o parser.o -lLinkedList 
Info: Nothing to build for pruebaTp3
12:57:29 **** Incremental Build of configuration Debug for project pruebaTp3 ****
Info: Internal Builder is used for build
gcc -O0 -g3 -Wall -c -fmessage-length=0 -o Jugador.o "..\\Jugador.c" 
..\Jugador.c: In function 'jug_Listar_Convocados':
..\Jugador.c:265:7: warning: unused variable 'descripcionPais' [-Wunused-variable]
  char descripcionPais[30];
       ^~~~~~~~~~~~~~~
gcc "-LC:\\Users\\Julian Rodriguez\\Desktop\\PROGRAMACION  1\\TP3-2022\\eclipse_tp3_v5\\tp3_windows" -o pruebaTp3.exe Controller.o Jugador.o Seleccion.o ingresos.o main.o parser.o -lLinkedList 
12:57:57 **** Incremental Build of configuration Debug for project pruebaTp3 ****
Info: Internal Builder is used for build
gcc -O0 -g3 -Wall -c -fmessage-length=0 -o Jugador.o "..\\Jugador.c" 
..\Jugador.c: In function 'jug_Listar_Convocados':
..\Jugador.c:265:7: warning: unused variable 'descripcionPais' [-Wunused-variable]
  char descripcionPais[30];
       ^~~~~~~~~~~~~~~
gcc "-LC:\\Users\\Julian Rodriguez\\Desktop\\PROGRAMACION  1\\TP3-2022\\eclipse_tp3_v5\\tp3_windows" -o pruebaTp3.exe Controller.o Jugador.o Seleccion.o ingresos.o main.o parser.o -lLinkedList 
Info: Nothing to build for pruebaTp3
12:58:21 **** Incremental Build of configuration Debug for project pruebaTp3 ****
Info: Internal Builder is used for build
gcc -O0 -g3 -Wall -c -fmessage-length=0 -o Jugador.o "..\\Jugador.c" 
gcc "-LC:\\Users\\Julian Rodriguez\\Desktop\\PROGRAMACION  1\\TP3-2022\\eclipse_tp3_v5\\tp3_windows" -o pruebaTp3.exe Controller.o Jugador.o Seleccion.o ingresos.o main.o parser.o -lLinkedList 
Info: Nothing to build for pruebaTp3
12:59:10 **** Incremental Build of configuration Debug for project pruebaTp3 ****
Info: Internal Builder is used for build
gcc -O0 -g3 -Wall -c -fmessage-length=0 -o Jugador.o "..\\Jugador.c" 
..\Jugador.c: In function 'jug_Listar_Convocados':
..\Jugador.c:287:14: error: expected expression before ';' token
      retorno=;
              ^
12:59:17 **** Incremental Build of configuration Debug for project pruebaTp3 ****
Info: Internal Builder is used for build
gcc -O0 -g3 -Wall -c -fmessage-length=0 -o Jugador.o "..\\Jugador.c" 
gcc "-LC:\\Users\\Julian Rodriguez\\Desktop\\PROGRAMACION  1\\TP3-2022\\eclipse_tp3_v5\\tp3_windows" -o pruebaTp3.exe Controller.o Jugador.o Seleccion.o ingresos.o main.o parser.o -lLinkedList 
Info: Nothing to build for pruebaTp3
13:00:16 **** Incremental Build of configuration Debug for project pruebaTp3 ****
Info: Internal Builder is used for build
gcc -O0 -g3 -Wall -c -fmessage-length=0 -o Jugador.o "..\\Jugador.c" 
gcc "-LC:\\Users\\Julian Rodriguez\\Desktop\\PROGRAMACION  1\\TP3-2022\\eclipse_tp3_v5\\tp3_windows" -o pruebaTp3.exe Controller.o Jugador.o Seleccion.o ingresos.o main.o parser.o -lLinkedList 
Info: Nothing to build for pruebaTp3
13:01:21 **** Incremental Build of configuration Debug for project pruebaTp3 ****
Info: Internal Builder is used for build
gcc -O0 -g3 -Wall -c -fmessage-length=0 -o Jugador.o "..\\Jugador.c" 
gcc "-LC:\\Users\\Julian Rodriguez\\Desktop\\PROGRAMACION  1\\TP3-2022\\eclipse_tp3_v5\\tp3_windows" -o pruebaTp3.exe Controller.o Jugador.o Seleccion.o ingresos.o main.o parser.o -lLinkedList 
13:02:31 **** Incremental Build of configuration Debug for project pruebaTp3 ****
Info: Internal Builder is used for build
gcc -O0 -g3 -Wall -c -fmessage-length=0 -o Jugador.o "..\\Jugador.c" 
gcc "-LC:\\Users\\Julian Rodriguez\\Desktop\\PROGRAMACION  1\\TP3-2022\\eclipse_tp3_v5\\tp3_windows" -o pruebaTp3.exe Controller.o Jugador.o Seleccion.o ingresos.o main.o parser.o -lLinkedList 
Info: Nothing to build for pruebaTp3
13:04:22 **** Incremental Build of configuration Debug for project pruebaTp3 ****
Info: Internal Builder is used for build
gcc -O0 -g3 -Wall -c -fmessage-length=0 -o Jugador.o "..\\Jugador.c" 
gcc "-LC:\\Users\\Julian Rodriguez\\Desktop\\PROGRAMACION  1\\TP3-2022\\eclipse_tp3_v5\\tp3_windows" -o pruebaTp3.exe Controller.o Jugador.o Seleccion.o ingresos.o main.o parser.o -lLinkedList 
13:05:14 **** Incremental Build of configuration Debug for project pruebaTp3 ****
Info: Internal Builder is used for build
gcc -O0 -g3 -Wall -c -fmessage-length=0 -o Jugador.o "..\\Jugador.c" 
gcc "-LC:\\Users\\Julian Rodriguez\\Desktop\\PROGRAMACION  1\\TP3-2022\\eclipse_tp3_v5\\tp3_windows" -o pruebaTp3.exe Controller.o Jugador.o Seleccion.o ingresos.o main.o parser.o -lLinkedList 
Info: Nothing to build for pruebaTp3
13:23:30 **** Incremental Build of configuration Debug for project pruebaTp3 ****
Info: Internal Builder is used for build
gcc -O0 -g3 -Wall -c -fmessage-length=0 -o Jugador.o "..\\Jugador.c" 
gcc "-LC:\\Users\\Julian Rodriguez\\Desktop\\PROGRAMACION  1\\TP3-2022\\eclipse_tp3_v5\\tp3_windows" -o pruebaTp3.exe Controller.o Jugador.o Seleccion.o ingresos.o main.o parser.o -lLinkedList 
13:23:46 **** Incremental Build of configuration Debug for project pruebaTp3 ****
Info: Internal Builder is used for build
gcc -O0 -g3 -Wall -c -fmessage-length=0 -o Jugador.o "..\\Jugador.c" 
gcc "-LC:\\Users\\Julian Rodriguez\\Desktop\\PROGRAMACION  1\\TP3-2022\\eclipse_tp3_v5\\tp3_windows" -o pruebaTp3.exe Controller.o Jugador.o Seleccion.o ingresos.o main.o parser.o -lLinkedList 
13:23:56 **** Incremental Build of configuration Debug for project pruebaTp3 ****
Info: Internal Builder is used for build
gcc -O0 -g3 -Wall -c -fmessage-length=0 -o Jugador.o "..\\Jugador.c" 
gcc "-LC:\\Users\\Julian Rodriguez\\Desktop\\PROGRAMACION  1\\TP3-2022\\eclipse_tp3_v5\\tp3_windows" -o pruebaTp3.exe Controller.o Jugador.o Seleccion.o ingresos.o main.o parser.o -lLinkedList 
13:24:05 **** Incremental Build of configuration Debug for project pruebaTp3 ****
Info: Internal Builder is used for build
gcc -O0 -g3 -Wall -c -fmessage-length=0 -o Jugador.o "..\\Jugador.c" 
gcc "-LC:\\Users\\Julian Rodriguez\\Desktop\\PROGRAMACION  1\\TP3-2022\\eclipse_tp3_v5\\tp3_windows" -o pruebaTp3.exe Controller.o Jugador.o Seleccion.o ingresos.o main.o parser.o -lLinkedList 
13:24:42 **** Incremental Build of configuration Debug for project pruebaTp3 ****
Info: Internal Builder is used for build
gcc -O0 -g3 -Wall -c -fmessage-length=0 -o Jugador.o "..\\Jugador.c" 
gcc "-LC:\\Users\\Julian Rodriguez\\Desktop\\PROGRAMACION  1\\TP3-2022\\eclipse_tp3_v5\\tp3_windows" -o pruebaTp3.exe Controller.o Jugador.o Seleccion.o ingresos.o main.o parser.o -lLinkedList 
Info: Nothing to build for pruebaTp3
Info: Nothing to build for pruebaTp3
13:25:16 **** Incremental Build of configuration Debug for project pruebaTp3 ****
Info: Internal Builder is used for build
gcc -O0 -g3 -Wall -c -fmessage-length=0 -o Jugador.o "..\\Jugador.c" 
gcc "-LC:\\Users\\Julian Rodriguez\\Desktop\\PROGRAMACION  1\\TP3-2022\\eclipse_tp3_v5\\tp3_windows" -o pruebaTp3.exe Controller.o Jugador.o Seleccion.o ingresos.o main.o parser.o -lLinkedList 
13:25:26 **** Incremental Build of configuration Debug for project pruebaTp3 ****
Info: Internal Builder is used for build
gcc -O0 -g3 -Wall -c -fmessage-length=0 -o Jugador.o "..\\Jugador.c" 
gcc "-LC:\\Users\\Julian Rodriguez\\Desktop\\PROGRAMACION  1\\TP3-2022\\eclipse_tp3_v5\\tp3_windows" -o pruebaTp3.exe Controller.o Jugador.o Seleccion.o ingresos.o main.o parser.o -lLinkedList 
13:25:43 **** Incremental Build of configuration Debug for project pruebaTp3 ****
Info: Internal Builder is used for build
gcc -O0 -g3 -Wall -c -fmessage-length=0 -o Jugador.o "..\\Jugador.c" 
gcc "-LC:\\Users\\Julian Rodriguez\\Desktop\\PROGRAMACION  1\\TP3-2022\\eclipse_tp3_v5\\tp3_windows" -o pruebaTp3.exe Controller.o Jugador.o Seleccion.o ingresos.o main.o parser.o -lLinkedList 
Info: Nothing to build for pruebaTp3
13:26:28 **** Incremental Build of configuration Debug for project pruebaTp3 ****
Info: Internal Builder is used for build
gcc -O0 -g3 -Wall -c -fmessage-length=0 -o Jugador.o "..\\Jugador.c" 
gcc "-LC:\\Users\\Julian Rodriguez\\Desktop\\PROGRAMACION  1\\TP3-2022\\eclipse_tp3_v5\\tp3_windows" -o pruebaTp3.exe Controller.o Jugador.o Seleccion.o ingresos.o main.o parser.o -lLinkedList 
